2024.07.09 09:26:58 INFO  Started: Metals version 1.3.2 in folders '/home/julia/sysarch2' for client Visual Studio Code 1.91.0.
SLF4J(W): Class path contains multiple SLF4J providers.
SLF4J(W): Found provider [scribe.slf4j.ScribeServiceProvider@314b016a]
SLF4J(W): Found provider [ch.qos.logback.classic.spi.LogbackServiceProvider@1897c6de]
SLF4J(W): See https://www.slf4j.org/codes.html#multiple_bindings for an explanation.
SLF4J(I): Actual provider is of type [scribe.slf4j.ScribeServiceProvider@314b016a]
2024.07.09 09:26:59 WARN  Flyway upgrade recommended: H2 2.2.224 is newer than this version of Flyway and support has not been tested. The latest supported version of H2 is 2.2.220.
2024.07.09 09:27:14 INFO  running '/home/julia/.local/share/coursier/bin/sbt -Dbloop.export-jar-classifiers=sources bloopInstall'
2024.07.09 09:27:14 WARN  no build target for: /home/julia/sysarch2/project/metals.sbt
2024.07.09 09:27:14 INFO  no build target found for /home/julia/sysarch2/project/metals.sbt. Using presentation compiler with project's scala-library version: 3.3.3
2024.07.09 09:27:16 INFO  [info] Updated file /home/julia/sysarch2/project/build.properties: set sbt.version to 1.10.0
2024.07.09 09:27:16 INFO  [info] welcome to sbt 1.10.0 (Ubuntu Java 21.0.3)
2024.07.09 09:27:19 INFO  [info] loading settings for project sysarch2-build-build from metals.sbt ...
2024.07.09 09:27:19 INFO  [info] loading project definition from /home/julia/sysarch2/project/project
2024.07.09 09:27:20 INFO  no build target found for /home/julia/sysarch2/build.sbt. Using presentation compiler with project's scala-library version: 3.3.3
2024.07.09 09:27:20 INFO  no build target found for /home/julia/sysarch2/build.sbt. Using presentation compiler with project's scala-library version: 3.3.3
2024.07.09 09:27:23 INFO  [info] loading settings for project sysarch2-build from metals.sbt ...
2024.07.09 09:27:23 INFO  [info] loading project definition from /home/julia/sysarch2/project
2024.07.09 09:27:25 INFO  [success] Generated .bloop/sysarch2-build.json
2024.07.09 09:27:25 INFO  [success] Total time: 2 s, completed 09.07.2024, 09:27:25
2024.07.09 09:27:27 INFO  [info] loading settings for project sysarch2 from build.sbt ...
2024.07.09 09:27:27 INFO  [info] set current project to sysarch2 (in build file:/home/julia/sysarch2/)
2024.07.09 09:27:27 INFO  [success] Generated .bloop/sysarch2.json
2024.07.09 09:27:27 INFO  [success] Generated .bloop/sysarch2-test.json
2024.07.09 09:27:27 INFO  [success] Total time: 0 s, completed 09.07.2024, 09:27:27
2024.07.09 09:27:28 INFO  time: ran 'sbt bloopInstall' in 14s
2024.07.09 09:27:28 INFO  Attempting to connect to the build server...
2024.07.09 09:27:29 INFO  tracing is disabled for protocol BSP, to enable tracing of incoming and outgoing JSON messages create an empty file at /home/julia/sysarch2/.metals/bsp.trace.json or /home/julia/.cache/metals/bsp.trace.json
2024.07.09 09:27:31 INFO  no build target found for /home/julia/sysarch2/build.sbt. Using presentation compiler with project's scala-library version: 3.3.3
2024.07.09 09:27:36 INFO  Attempting to connect to the build server...
2024.07.09 09:27:36 INFO  tracing is disabled for protocol BSP, to enable tracing of incoming and outgoing JSON messages create an empty file at /home/julia/sysarch2/project/.metals/bsp.trace.json or /home/julia/.cache/metals/bsp.trace.json
2024.07.09 09:27:36 INFO  time: Connected to build server in 8.58s
2024.07.09 09:27:36 INFO  Connected to Build server: Bloop v1.5.18
2024.07.09 09:27:36 INFO  time: Imported build in 0.12s
2024.07.09 09:27:44 WARN  Could not find java sources in /usr/lib/jvm/src.zip, /usr/lib/jvm/lib/src.zip, /usr/lib/jvm/java-21-openjdk-amd64/src.zip, /usr/lib/jvm/java-21-openjdk-amd64/lib/src.zip. Java symbols will not be available.
2024.07.09 09:27:50 WARN  Could not find java sources in /usr/lib/jvm/src.zip, /usr/lib/jvm/lib/src.zip, /usr/lib/jvm/java-21-openjdk-amd64/src.zip, /usr/lib/jvm/java-21-openjdk-amd64/lib/src.zip. Java symbols will not be available.
2024.07.09 09:27:50 INFO  time: indexed workspace in 13s
2024.07.09 09:35:26 INFO  no build target found for /home/julia/sysarch2/backend/sources/src/test/scala/MachineModeCore.scala. Using presentation compiler with project's scala-library version: 2.12.19
2024.07.09 09:35:26 INFO  no build target found for /home/julia/sysarch2/backend/sources/src/test/scala/MachineModeCore.scala. Using presentation compiler with project's scala-library version: 2.12.19
2024.07.09 09:35:33 INFO  no build target found for /home/julia/sysarch2/backend/sources/src/test/scala/MachineModeCore.scala. Using presentation compiler with project's scala-library version: 2.12.19
2024.07.09 11:23:51 INFO  Shutting down server
2024.07.09 11:23:51 INFO  shutting down Metals
2024.07.09 11:23:51 INFO  Shut down connection with build server.
2024.07.09 11:23:51 INFO  Shut down connection with build server.
2024.07.09 11:23:51 INFO  Exiting server
2024.07.10 14:03:44 INFO  Started: Metals version 1.3.2 in folders '/home/julia/sysarch2' for client Visual Studio Code 1.91.0.
SLF4J(W): Class path contains multiple SLF4J providers.
SLF4J(W): Found provider [scribe.slf4j.ScribeServiceProvider@a89aaa9]
SLF4J(W): Found provider [ch.qos.logback.classic.spi.LogbackServiceProvider@3e808b77]
SLF4J(W): See https://www.slf4j.org/codes.html#multiple_bindings for an explanation.
SLF4J(I): Actual provider is of type [scribe.slf4j.ScribeServiceProvider@a89aaa9]
2024.07.10 14:03:45 WARN  Flyway upgrade recommended: H2 2.2.224 is newer than this version of Flyway and support has not been tested. The latest supported version of H2 is 2.2.220.
2024.07.10 14:03:45 INFO  Attempting to connect to the build server...
2024.07.10 14:03:48 INFO  tracing is disabled for protocol BSP, to enable tracing of incoming and outgoing JSON messages create an empty file at /home/julia/sysarch2/.metals/bsp.trace.json or /home/julia/.cache/metals/bsp.trace.json
2024.07.10 14:03:48 INFO  Attempting to connect to the build server...
2024.07.10 14:03:48 INFO  tracing is disabled for protocol BSP, to enable tracing of incoming and outgoing JSON messages create an empty file at /home/julia/sysarch2/project/.metals/bsp.trace.json or /home/julia/.cache/metals/bsp.trace.json
2024.07.10 14:03:48 INFO  time: Connected to build server in 2.91s
2024.07.10 14:03:48 INFO  Connected to Build server: Bloop v1.5.18
2024.07.10 14:03:48 INFO  time: Imported build in 0.12s
2024.07.10 14:03:52 WARN  Could not find java sources in /usr/lib/jvm/src.zip, /usr/lib/jvm/lib/src.zip, /usr/lib/jvm/java-21-openjdk-amd64/src.zip, /usr/lib/jvm/java-21-openjdk-amd64/lib/src.zip. Java symbols will not be available.
2024.07.10 14:03:52 WARN  Could not find java sources in /usr/lib/jvm/src.zip, /usr/lib/jvm/lib/src.zip, /usr/lib/jvm/java-21-openjdk-amd64/src.zip, /usr/lib/jvm/java-21-openjdk-amd64/lib/src.zip. Java symbols will not be available.
2024.07.10 14:03:52 INFO  time: indexed workspace in 3.63s
2024.07.10 17:38:19 INFO  Shutting down server
2024.07.10 17:38:19 INFO  shutting down Metals
2024.07.10 17:38:19 INFO  Shut down connection with build server.
2024.07.10 17:38:19 INFO  Shut down connection with build server.
2024.07.10 17:38:19 INFO  Exiting server
2024.07.10 17:38:40 INFO  Started: Metals version 1.3.2 in folders '/home/julia/sysarch2' for client Visual Studio Code 1.91.0.
SLF4J(W): Class path contains multiple SLF4J providers.
SLF4J(W): Found provider [scribe.slf4j.ScribeServiceProvider@1d0de168]
SLF4J(W): Found provider [ch.qos.logback.classic.spi.LogbackServiceProvider@6ed34f5f]
SLF4J(W): See https://www.slf4j.org/codes.html#multiple_bindings for an explanation.
SLF4J(I): Actual provider is of type [scribe.slf4j.ScribeServiceProvider@1d0de168]
2024.07.10 17:38:41 WARN  Flyway upgrade recommended: H2 2.2.224 is newer than this version of Flyway and support has not been tested. The latest supported version of H2 is 2.2.220.
2024.07.10 17:38:41 INFO  Attempting to connect to the build server...
2024.07.10 17:38:41 INFO  tracing is disabled for protocol BSP, to enable tracing of incoming and outgoing JSON messages create an empty file at /home/julia/sysarch2/.metals/bsp.trace.json or /home/julia/.cache/metals/bsp.trace.json
2024.07.10 17:38:41 INFO  Attempting to connect to the build server...
2024.07.10 17:38:41 INFO  tracing is disabled for protocol BSP, to enable tracing of incoming and outgoing JSON messages create an empty file at /home/julia/sysarch2/project/.metals/bsp.trace.json or /home/julia/.cache/metals/bsp.trace.json
2024.07.10 17:38:41 INFO  time: Connected to build server in 0.37s
2024.07.10 17:38:41 INFO  Connected to Build server: Bloop v1.5.18
2024.07.10 17:38:42 INFO  time: Imported build in 0.13s
2024.07.10 17:38:44 WARN  Could not find java sources in /usr/lib/jvm/src.zip, /usr/lib/jvm/lib/src.zip, /usr/lib/jvm/java-21-openjdk-amd64/src.zip, /usr/lib/jvm/java-21-openjdk-amd64/lib/src.zip. Java symbols will not be available.
2024.07.10 17:38:44 WARN  Could not find java sources in /usr/lib/jvm/src.zip, /usr/lib/jvm/lib/src.zip, /usr/lib/jvm/java-21-openjdk-amd64/src.zip, /usr/lib/jvm/java-21-openjdk-amd64/lib/src.zip. Java symbols will not be available.
2024.07.10 17:38:44 INFO  time: indexed workspace in 2.9s
2024.07.10 17:39:00 INFO  Shutting down server
2024.07.10 17:39:00 INFO  shutting down Metals
2024.07.10 17:39:00 INFO  Shut down connection with build server.
2024.07.10 17:39:00 INFO  Shut down connection with build server.
2024.07.10 17:39:00 INFO  Exiting server
2024.07.11 08:41:53 INFO  Started: Metals version 1.3.2 in folders '/home/julia/sysarch2' for client Visual Studio Code 1.91.0.
SLF4J(W): Class path contains multiple SLF4J providers.
SLF4J(W): Found provider [scribe.slf4j.ScribeServiceProvider@75e23f64]
SLF4J(W): Found provider [ch.qos.logback.classic.spi.LogbackServiceProvider@2f91db27]
SLF4J(W): See https://www.slf4j.org/codes.html#multiple_bindings for an explanation.
SLF4J(I): Actual provider is of type [scribe.slf4j.ScribeServiceProvider@75e23f64]
2024.07.11 08:41:53 WARN  Flyway upgrade recommended: H2 2.2.224 is newer than this version of Flyway and support has not been tested. The latest supported version of H2 is 2.2.220.
2024.07.11 08:41:54 INFO  Attempting to connect to the build server...
2024.07.11 08:41:57 INFO  tracing is disabled for protocol BSP, to enable tracing of incoming and outgoing JSON messages create an empty file at /home/julia/sysarch2/.metals/bsp.trace.json or /home/julia/.cache/metals/bsp.trace.json
2024.07.11 08:41:57 INFO  Attempting to connect to the build server...
2024.07.11 08:41:57 INFO  tracing is disabled for protocol BSP, to enable tracing of incoming and outgoing JSON messages create an empty file at /home/julia/sysarch2/project/.metals/bsp.trace.json or /home/julia/.cache/metals/bsp.trace.json
2024.07.11 08:41:57 INFO  time: Connected to build server in 3.45s
2024.07.11 08:41:57 INFO  Connected to Build server: Bloop v1.5.18
2024.07.11 08:41:57 INFO  time: Imported build in 0.14s
2024.07.11 08:41:59 WARN  Could not find java sources in /usr/lib/jvm/src.zip, /usr/lib/jvm/lib/src.zip, /usr/lib/jvm/java-21-openjdk-amd64/src.zip, /usr/lib/jvm/java-21-openjdk-amd64/lib/src.zip. Java symbols will not be available.
2024.07.11 08:41:59 WARN  Could not find java sources in /usr/lib/jvm/src.zip, /usr/lib/jvm/lib/src.zip, /usr/lib/jvm/java-21-openjdk-amd64/src.zip, /usr/lib/jvm/java-21-openjdk-amd64/lib/src.zip. Java symbols will not be available.
2024.07.11 08:41:59 INFO  time: indexed workspace in 2.59s
2024.07.11 12:44:25 INFO  Shutting down server
2024.07.11 12:44:25 INFO  shutting down Metals
2024.07.11 12:44:25 INFO  Shut down connection with build server.
2024.07.11 12:44:25 INFO  Shut down connection with build server.
2024.07.11 12:44:25 INFO  Exiting server
2024.07.13 11:37:12 INFO  Started: Metals version 1.3.2 in folders '/home/julia/sysarch2' for client Visual Studio Code 1.91.1.
SLF4J(W): Class path contains multiple SLF4J providers.
SLF4J(W): Found provider [scribe.slf4j.ScribeServiceProvider@2eb205c1]
SLF4J(W): Found provider [ch.qos.logback.classic.spi.LogbackServiceProvider@3c8d6aef]
SLF4J(W): See https://www.slf4j.org/codes.html#multiple_bindings for an explanation.
SLF4J(I): Actual provider is of type [scribe.slf4j.ScribeServiceProvider@2eb205c1]
2024.07.13 11:37:12 WARN  Flyway upgrade recommended: H2 2.2.224 is newer than this version of Flyway and support has not been tested. The latest supported version of H2 is 2.2.220.
2024.07.13 11:37:13 INFO  Attempting to connect to the build server...
2024.07.13 11:37:17 INFO  tracing is disabled for protocol BSP, to enable tracing of incoming and outgoing JSON messages create an empty file at /home/julia/sysarch2/.metals/bsp.trace.json or /home/julia/.cache/metals/bsp.trace.json
2024.07.13 11:37:17 INFO  Attempting to connect to the build server...
2024.07.13 11:37:17 INFO  tracing is disabled for protocol BSP, to enable tracing of incoming and outgoing JSON messages create an empty file at /home/julia/sysarch2/project/.metals/bsp.trace.json or /home/julia/.cache/metals/bsp.trace.json
2024.07.13 11:37:17 INFO  time: Connected to build server in 4.19s
2024.07.13 11:37:17 INFO  Connected to Build server: Bloop v1.5.18
2024.07.13 11:37:17 INFO  time: Imported build in 0.21s
2024.07.13 11:37:23 WARN  Could not find java sources in /usr/lib/jvm/src.zip, /usr/lib/jvm/lib/src.zip, /usr/lib/jvm/java-21-openjdk-amd64/src.zip, /usr/lib/jvm/java-21-openjdk-amd64/lib/src.zip. Java symbols will not be available.
2024.07.13 11:37:25 WARN  Could not find java sources in /usr/lib/jvm/src.zip, /usr/lib/jvm/lib/src.zip, /usr/lib/jvm/java-21-openjdk-amd64/src.zip, /usr/lib/jvm/java-21-openjdk-amd64/lib/src.zip. Java symbols will not be available.
2024.07.13 11:37:25 INFO  time: indexed workspace in 7.38s
